{"contracts/NFTMarketplace.sol":{"l":{"58":11,"59":11,"60":1,"62":10,"70":14,"71":14,"72":14,"73":2,"75":12,"79":8,"80":8,"81":3,"83":5,"108":9,"109":0,"112":9,"113":9,"114":0,"116":9,"117":9,"126":3,"127":3,"128":1,"134":2,"137":2,"138":2,"143":2,"151":1,"152":1,"164":1,"165":1,"169":2,"170":2,"171":1,"173":1,"174":1,"175":1,"176":0,"189":3,"193":2},"path":"/Users/dariantaban/Documents/scratchWork/nft-marketplace/contracts/NFTMarketplace.sol","s":{"1":11,"2":11,"3":14,"4":14,"5":14,"6":8,"7":8,"8":9,"9":9,"10":9,"11":9,"12":9,"13":3,"14":3,"15":2,"16":2,"17":2,"18":1,"19":1,"20":1,"21":2,"22":2,"23":1,"24":1,"25":1,"26":3,"27":2},"b":{"1":[1,10],"2":[2,12],"3":[3,5],"4":[0,9],"5":[0,9],"6":[1,2],"7":[1,1],"8":[0,1]},"f":{"1":11,"2":14,"3":8,"4":9,"5":3,"6":1,"7":1,"8":2,"9":3,"10":2},"fnMap":{"1":{"name":"notListed","line":53,"loc":{"start":{"line":53,"column":4},"end":{"line":63,"column":4}}},"2":{"name":"isOwner","line":65,"loc":{"start":{"line":65,"column":4},"end":{"line":76,"column":4}}},"3":{"name":"isListed","line":78,"loc":{"start":{"line":78,"column":4},"end":{"line":84,"column":4}}},"4":{"name":"listItem","line":106,"loc":{"start":{"line":99,"column":4},"end":{"line":118,"column":4}}},"5":{"name":"buyItem","line":124,"loc":{"start":{"line":120,"column":4},"end":{"line":144,"column":4}}},"6":{"name":"cancelListing","line":149,"loc":{"start":{"line":146,"column":4},"end":{"line":153,"column":4}}},"7":{"name":"updateListing","line":162,"loc":{"start":{"line":155,"column":4},"end":{"line":166,"column":4}}},"8":{"name":"withdrawProceeds","line":168,"loc":{"start":{"line":168,"column":4},"end":{"line":178,"column":4}}},"9":{"name":"getListing","line":184,"loc":{"start":{"line":184,"column":4},"end":{"line":190,"column":4}}},"10":{"name":"getProceeds","line":192,"loc":{"start":{"line":192,"column":4},"end":{"line":194,"column":4}}}},"statementMap":{"1":{"start":{"line":58,"column":8},"end":{"line":58,"column":64}},"2":{"start":{"line":59,"column":8},"end":{"line":59,"column":1616}},"3":{"start":{"line":70,"column":8},"end":{"line":70,"column":41}},"4":{"start":{"line":71,"column":8},"end":{"line":71,"column":44}},"5":{"start":{"line":72,"column":8},"end":{"line":72,"column":1944}},"6":{"start":{"line":79,"column":8},"end":{"line":79,"column":64}},"7":{"start":{"line":80,"column":8},"end":{"line":80,"column":2178}},"8":{"start":{"line":108,"column":8},"end":{"line":108,"column":2941}},"9":{"start":{"line":112,"column":8},"end":{"line":112,"column":41}},"10":{"start":{"line":113,"column":8},"end":{"line":113,"column":3080}},"11":{"start":{"line":116,"column":8},"end":{"line":116,"column":67}},"12":{"start":{"line":117,"column":8},"end":{"line":117,"column":63}},"13":{"start":{"line":126,"column":8},"end":{"line":126,"column":67}},"14":{"start":{"line":127,"column":8},"end":{"line":127,"column":3578}},"15":{"start":{"line":134,"column":8},"end":{"line":134,"column":3793}},"16":{"start":{"line":138,"column":8},"end":{"line":138,"column":3938}},"17":{"start":{"line":143,"column":8},"end":{"line":143,"column":74}},"18":{"start":{"line":152,"column":8},"end":{"line":152,"column":58}},"19":{"start":{"line":164,"column":8},"end":{"line":164,"column":55}},"20":{"start":{"line":165,"column":8},"end":{"line":165,"column":66}},"21":{"start":{"line":169,"column":8},"end":{"line":169,"column":49}},"22":{"start":{"line":170,"column":8},"end":{"line":170,"column":4893}},"23":{"start":{"line":173,"column":8},"end":{"line":173,"column":33}},"24":{"start":{"line":174,"column":8},"end":{"line":174,"column":72}},"25":{"start":{"line":175,"column":8},"end":{"line":175,"column":5091}},"26":{"start":{"line":189,"column":8},"end":{"line":189,"column":46}},"27":{"start":{"line":193,"column":8},"end":{"line":193,"column":33}}},"branchMap":{"1":{"line":59,"type":"if","locations":[{"start":{"line":59,"column":8},"end":{"line":59,"column":8}},{"start":{"line":59,"column":8},"end":{"line":59,"column":8}}]},"2":{"line":72,"type":"if","locations":[{"start":{"line":72,"column":8},"end":{"line":72,"column":8}},{"start":{"line":72,"column":8},"end":{"line":72,"column":8}}]},"3":{"line":80,"type":"if","locations":[{"start":{"line":80,"column":8},"end":{"line":80,"column":8}},{"start":{"line":80,"column":8},"end":{"line":80,"column":8}}]},"4":{"line":108,"type":"if","locations":[{"start":{"line":108,"column":8},"end":{"line":108,"column":8}},{"start":{"line":108,"column":8},"end":{"line":108,"column":8}}]},"5":{"line":113,"type":"if","locations":[{"start":{"line":113,"column":8},"end":{"line":113,"column":8}},{"start":{"line":113,"column":8},"end":{"line":113,"column":8}}]},"6":{"line":127,"type":"if","locations":[{"start":{"line":127,"column":8},"end":{"line":127,"column":8}},{"start":{"line":127,"column":8},"end":{"line":127,"column":8}}]},"7":{"line":170,"type":"if","locations":[{"start":{"line":170,"column":8},"end":{"line":170,"column":8}},{"start":{"line":170,"column":8},"end":{"line":170,"column":8}}]},"8":{"line":175,"type":"if","locations":[{"start":{"line":175,"column":8},"end":{"line":175,"column":8}},{"start":{"line":175,"column":8},"end":{"line":175,"column":8}}]}}},"contracts/test/BasicNft.sol":{"l":{"12":3,"16":14,"17":14,"18":14,"24":0,"28":0},"path":"/Users/dariantaban/Documents/scratchWork/nft-marketplace/contracts/test/BasicNft.sol","s":{"1":3,"2":14,"3":14,"4":14,"5":0,"6":0},"b":{},"f":{"1":3,"2":14,"3":0,"4":0},"fnMap":{"1":{"name":"constructor","line":11,"loc":{"start":{"line":11,"column":4},"end":{"line":13,"column":4}}},"2":{"name":"mintNft","line":15,"loc":{"start":{"line":15,"column":4},"end":{"line":19,"column":4}}},"3":{"name":"tokenURI","line":21,"loc":{"start":{"line":21,"column":4},"end":{"line":25,"column":4}}},"4":{"name":"getTokenCounter","line":27,"loc":{"start":{"line":27,"column":4},"end":{"line":29,"column":4}}}},"statementMap":{"1":{"start":{"line":12,"column":8},"end":{"line":12,"column":25}},"2":{"start":{"line":16,"column":8},"end":{"line":16,"column":44}},"3":{"start":{"line":17,"column":8},"end":{"line":17,"column":42}},"4":{"start":{"line":18,"column":8},"end":{"line":18,"column":29}},"5":{"start":{"line":24,"column":8},"end":{"line":24,"column":24}},"6":{"start":{"line":28,"column":8},"end":{"line":28,"column":29}}},"branchMap":{}}}